[0.218s] Invoking command in '/home/suudoo/ros2_ws/build/person_msgs': CMAKE_PREFIX_PATH=/home/suudoo/ros2_ws/install/mypkg:/opt/ros/humble /usr/bin/cmake /home/suudoo/ros2_ws/src/person_msgs -DCMAKE_INSTALL_PREFIX=/home/suudoo/ros2_ws/install/person_msgs
[0.423s] -- The C compiler identification is GNU 11.4.0
[0.895s] -- The CXX compiler identification is GNU 11.4.0
[1.369s] -- Detecting C compiler ABI info
[1.507s] -- Detecting C compiler ABI info - done
[1.512s] -- Check for working C compiler: /usr/bin/cc - skipped
[1.512s] -- Detecting C compile features
[1.513s] -- Detecting C compile features - done
[1.515s] -- Detecting CXX compiler ABI info
[1.660s] -- Detecting CXX compiler ABI info - done
[1.669s] -- Check for working CXX compiler: /usr/bin/c++ - skipped
[1.669s] -- Detecting CXX compile features
[1.669s] -- Detecting CXX compile features - done
[1.677s] -- Found ament_cmake: 1.3.6 (/opt/ros/humble/share/ament_cmake/cmake)
[1.803s] -- Found Python3: /usr/bin/python3.10 (found version "3.10.12") found components: Interpreter 
[1.879s] -- Found rosidl_default_generators: 1.2.0 (/opt/ros/humble/share/rosidl_default_generators/cmake)
[1.881s] -- Using all available rosidl_typesupport_c: rosidl_typesupport_fastrtps_c;rosidl_typesupport_introspection_c
[1.885s] -- Found rosidl_adapter: 3.1.5 (/opt/ros/humble/share/rosidl_adapter/cmake)
[2.042s] -- Using all available rosidl_typesupport_cpp: rosidl_typesupport_fastrtps_cpp;rosidl_typesupport_introspection_cpp
[2.212s] -- Found ament_cmake_ros: 0.10.0 (/opt/ros/humble/share/ament_cmake_ros/cmake)
[2.325s] -- Using all available rosidl_typesupport_c: rosidl_typesupport_fastrtps_c;rosidl_typesupport_introspection_c
[2.469s] -- Using all available rosidl_typesupport_cpp: rosidl_typesupport_fastrtps_cpp;rosidl_typesupport_introspection_cpp
[2.657s] -- Found PythonInterp: /usr/bin/python3 (found suitable version "3.10.12", minimum required is "3.6") 
[2.658s] -- Found python_cmake_module: 0.10.0 (/opt/ros/humble/share/python_cmake_module/cmake)
[3.092s] -- Found PythonLibs: /usr/lib/x86_64-linux-gnu/libpython3.10.so (found suitable version "3.10.12", minimum required is "3.5") 
[3.092s] -- Using PYTHON_EXECUTABLE: /usr/bin/python3
[3.092s] -- Using PYTHON_INCLUDE_DIRS: /usr/include/python3.10
[3.092s] -- Using PYTHON_LIBRARIES: /usr/lib/x86_64-linux-gnu/libpython3.10.so
[3.106s] -- Found PythonExtra: .so  
[3.199s] -- Found ament_lint_auto: 0.12.9 (/opt/ros/humble/share/ament_lint_auto/cmake)
[3.212s] -- Added test 'lint_cmake' to check CMake code style
[3.213s] -- Added test 'xmllint' to check XML markup files
[3.215s] -- Configuring done
[3.249s] -- Generating done
[3.251s] -- Build files have been written to: /home/suudoo/ros2_ws/build/person_msgs
[3.256s] Invoked command in '/home/suudoo/ros2_ws/build/person_msgs' returned '0': CMAKE_PREFIX_PATH=/home/suudoo/ros2_ws/install/mypkg:/opt/ros/humble /usr/bin/cmake /home/suudoo/ros2_ws/src/person_msgs -DCMAKE_INSTALL_PREFIX=/home/suudoo/ros2_ws/install/person_msgs
[3.259s] Invoking command in '/home/suudoo/ros2_ws/build/person_msgs': CMAKE_PREFIX_PATH=/home/suudoo/ros2_ws/install/mypkg:/opt/ros/humble /usr/bin/cmake --build /home/suudoo/ros2_ws/build/person_msgs -- -j8 -l8
[3.284s] [  3%] [34m[1mGenerating C code for ROS interfaces[0m
[3.292s] [  6%] [34m[1mGenerating C++ code for ROS interfaces[0m
[3.298s] [  6%] Built target ament_cmake_python_copy_person_msgs
[3.475s] running egg_info
[3.476s] creating person_msgs.egg-info
[3.476s] writing person_msgs.egg-info/PKG-INFO
[3.477s] writing dependency_links to person_msgs.egg-info/dependency_links.txt
[3.477s] writing top-level names to person_msgs.egg-info/top_level.txt
[3.477s] writing manifest file 'person_msgs.egg-info/SOURCES.txt'
[3.479s] reading manifest file 'person_msgs.egg-info/SOURCES.txt'
[3.486s] writing manifest file 'person_msgs.egg-info/SOURCES.txt'
[3.493s] [  6%] Built target person_msgs__cpp
[3.502s] [ 12%] [34m[1mGenerating C++ type support for eProsima Fast-RTPS[0m
[3.502s] [ 12%] [34m[1mGenerating C++ introspection for ROS interfaces[0m
[3.502s] [ 16%] Built target ament_cmake_python_build_person_msgs_egg
[3.502s] [ 16%] [34m[1mGenerating C++ type support dispatch for ROS interfaces[0m
[3.537s] [ 19%] [32mBuilding C object CMakeFiles/person_msgs__rosidl_generator_c.dir/rosidl_generator_c/person_msgs/msg/detail/person__functions.c.o[0m
[3.587s] [ 22%] [32m[1mLinking C shared library libperson_msgs__rosidl_generator_c.so[0m
[3.685s] [ 22%] Built target person_msgs__rosidl_generator_c
[3.693s] [ 32%] [34m[1mGenerating C type support dispatch for ROS interfaces[0m
[3.693s] [ 32%] [34m[1mGenerating C type support for eProsima Fast-RTPS[0m
[3.693s] [ 32%] [34m[1mGenerating C introspection for ROS interfaces[0m
[3.707s] [ 35%] [32mBuilding CXX object CMakeFiles/person_msgs__rosidl_typesupport_introspection_cpp.dir/rosidl_typesupport_introspection_cpp/person_msgs/msg/detail/person__type_support.cpp.o[0m
[3.715s] [ 38%] [32mBuilding CXX object CMakeFiles/person_msgs__rosidl_typesupport_cpp.dir/rosidl_typesupport_cpp/person_msgs/msg/person__type_support.cpp.o[0m
[3.732s] [ 41%] [32mBuilding CXX object CMakeFiles/person_msgs__rosidl_typesupport_fastrtps_cpp.dir/rosidl_typesupport_fastrtps_cpp/person_msgs/msg/detail/dds_fastrtps/person__type_support.cpp.o[0m
[3.952s] [ 45%] [32mBuilding CXX object CMakeFiles/person_msgs__rosidl_typesupport_fastrtps_c.dir/rosidl_typesupport_fastrtps_c/person_msgs/msg/detail/person__type_support_c.cpp.o[0m
[3.965s] [ 48%] [32mBuilding CXX object CMakeFiles/person_msgs__rosidl_typesupport_c.dir/rosidl_typesupport_c/person_msgs/msg/person__type_support.cpp.o[0m
[3.988s] [ 51%] [32mBuilding C object CMakeFiles/person_msgs__rosidl_typesupport_introspection_c.dir/rosidl_typesupport_introspection_c/person_msgs/msg/detail/person__type_support.c.o[0m
[3.989s] [ 54%] [32m[1mLinking CXX shared library libperson_msgs__rosidl_typesupport_c.so[0m
[4.018s] [ 58%] [32m[1mLinking C shared library libperson_msgs__rosidl_typesupport_introspection_c.so[0m
[4.019s] [ 61%] [32m[1mLinking CXX shared library libperson_msgs__rosidl_typesupport_cpp.so[0m
[4.079s] [ 61%] Built target person_msgs__rosidl_typesupport_c
[4.091s] [ 61%] Built target person_msgs__rosidl_typesupport_introspection_c
[4.099s] [ 61%] Built target person_msgs__rosidl_typesupport_cpp
[4.127s] [ 64%] [32m[1mLinking CXX shared library libperson_msgs__rosidl_typesupport_introspection_cpp.so[0m
[4.147s] [ 67%] [32m[1mLinking CXX shared library libperson_msgs__rosidl_typesupport_fastrtps_cpp.so[0m
[4.240s] [ 67%] Built target person_msgs__rosidl_typesupport_introspection_cpp
[4.250s] [ 70%] [32m[1mLinking CXX shared library libperson_msgs__rosidl_typesupport_fastrtps_c.so[0m
[4.262s] [ 70%] Built target person_msgs__rosidl_typesupport_fastrtps_cpp
[4.357s] [ 70%] Built target person_msgs__rosidl_typesupport_fastrtps_c
[4.369s] [ 70%] Built target person_msgs
[4.381s] [ 74%] [34m[1mGenerating Python code for ROS interfaces[0m
[4.564s] [ 74%] Built target person_msgs__py
[4.575s] [ 77%] [32mBuilding C object CMakeFiles/person_msgs__rosidl_generator_py.dir/rosidl_generator_py/person_msgs/msg/_person_s.c.o[0m
[4.649s] [ 80%] [32m[1mLinking C shared library rosidl_generator_py/person_msgs/libperson_msgs__rosidl_generator_py.so[0m
[4.780s] [ 80%] Built target person_msgs__rosidl_generator_py
[4.794s] [ 87%] [32mBuilding C object CMakeFiles/person_msgs__rosidl_typesupport_fastrtps_c__pyext.dir/rosidl_generator_py/person_msgs/_person_msgs_s.ep.rosidl_typesupport_fastrtps_c.c.o[0m
[4.794s] [ 87%] [32mBuilding C object CMakeFiles/person_msgs__rosidl_typesupport_c__pyext.dir/rosidl_generator_py/person_msgs/_person_msgs_s.ep.rosidl_typesupport_c.c.o[0m
[4.795s] [ 90%] [32mBuilding C object CMakeFiles/person_msgs__rosidl_typesupport_introspection_c__pyext.dir/rosidl_generator_py/person_msgs/_person_msgs_s.ep.rosidl_typesupport_introspection_c.c.o[0m
[4.856s] [ 93%] [32m[1mLinking C shared library rosidl_generator_py/person_msgs/person_msgs_s__rosidl_typesupport_c.cpython-310-x86_64-linux-gnu.so[0m
[4.867s] [ 96%] [32m[1mLinking C shared library rosidl_generator_py/person_msgs/person_msgs_s__rosidl_typesupport_fastrtps_c.cpython-310-x86_64-linux-gnu.so[0m
[4.883s] [100%] [32m[1mLinking C shared library rosidl_generator_py/person_msgs/person_msgs_s__rosidl_typesupport_introspection_c.cpython-310-x86_64-linux-gnu.so[0m
[4.940s] [100%] Built target person_msgs__rosidl_typesupport_c__pyext
[4.959s] [100%] Built target person_msgs__rosidl_typesupport_fastrtps_c__pyext
[4.965s] [100%] Built target person_msgs__rosidl_typesupport_introspection_c__pyext
[4.973s] Invoked command in '/home/suudoo/ros2_ws/build/person_msgs' returned '0': CMAKE_PREFIX_PATH=/home/suudoo/ros2_ws/install/mypkg:/opt/ros/humble /usr/bin/cmake --build /home/suudoo/ros2_ws/build/person_msgs -- -j8 -l8
[5.009s] Invoking command in '/home/suudoo/ros2_ws/build/person_msgs': CMAKE_PREFIX_PATH=/home/suudoo/ros2_ws/install/mypkg:/opt/ros/humble /usr/bin/cmake --install /home/suudoo/ros2_ws/build/person_msgs
[5.015s] -- Install configuration: ""
[5.016s] -- Installing: /home/suudoo/ros2_ws/install/person_msgs/share/ament_index/resource_index/rosidl_interfaces/person_msgs
[5.016s] -- Installing: /home/suudoo/ros2_ws/install/person_msgs/include/person_msgs/person_msgs
[5.016s] -- Installing: /home/suudoo/ros2_ws/install/person_msgs/include/person_msgs/person_msgs/msg
[5.016s] -- Installing: /home/suudoo/ros2_ws/install/person_msgs/include/person_msgs/person_msgs/msg/rosidl_generator_c__visibility_control.h
[5.017s] -- Installing: /home/suudoo/ros2_ws/install/person_msgs/include/person_msgs/person_msgs/msg/person.h
[5.017s] -- Installing: /home/suudoo/ros2_ws/install/person_msgs/include/person_msgs/person_msgs/msg/detail
[5.017s] -- Installing: /home/suudoo/ros2_ws/install/person_msgs/include/person_msgs/person_msgs/msg/detail/person__functions.h
[5.017s] -- Installing: /home/suudoo/ros2_ws/install/person_msgs/include/person_msgs/person_msgs/msg/detail/person__functions.c
[5.017s] -- Installing: /home/suudoo/ros2_ws/install/person_msgs/include/person_msgs/person_msgs/msg/detail/person__type_support.h
[5.017s] -- Installing: /home/suudoo/ros2_ws/install/person_msgs/include/person_msgs/person_msgs/msg/detail/person__struct.h
[5.017s] -- Installing: /home/suudoo/ros2_ws/install/person_msgs/share/person_msgs/environment/library_path.sh
[5.018s] -- Installing: /home/suudoo/ros2_ws/install/person_msgs/share/person_msgs/environment/library_path.dsv
[5.018s] -- Installing: /home/suudoo/ros2_ws/install/person_msgs/lib/libperson_msgs__rosidl_generator_c.so
[5.018s] -- Set runtime path of "/home/suudoo/ros2_ws/install/person_msgs/lib/libperson_msgs__rosidl_generator_c.so" to ""
[5.018s] -- Up-to-date: /home/suudoo/ros2_ws/install/person_msgs/include/person_msgs/person_msgs
[5.018s] -- Up-to-date: /home/suudoo/ros2_ws/install/person_msgs/include/person_msgs/person_msgs/msg
[5.018s] -- Installing: /home/suudoo/ros2_ws/install/person_msgs/include/person_msgs/person_msgs/msg/rosidl_typesupport_fastrtps_c__visibility_control.h
[5.018s] -- Up-to-date: /home/suudoo/ros2_ws/install/person_msgs/include/person_msgs/person_msgs/msg/detail
[5.018s] -- Installing: /home/suudoo/ros2_ws/install/person_msgs/include/person_msgs/person_msgs/msg/detail/person__rosidl_typesupport_fastrtps_c.h
[5.019s] -- Installing: /home/suudoo/ros2_ws/install/person_msgs/lib/libperson_msgs__rosidl_typesupport_fastrtps_c.so
[5.019s] -- Set runtime path of "/home/suudoo/ros2_ws/install/person_msgs/lib/libperson_msgs__rosidl_typesupport_fastrtps_c.so" to ""
[5.019s] -- Up-to-date: /home/suudoo/ros2_ws/install/person_msgs/include/person_msgs/person_msgs
[5.019s] -- Up-to-date: /home/suudoo/ros2_ws/install/person_msgs/include/person_msgs/person_msgs/msg
[5.019s] -- Installing: /home/suudoo/ros2_ws/install/person_msgs/include/person_msgs/person_msgs/msg/rosidl_typesupport_introspection_c__visibility_control.h
[5.019s] -- Up-to-date: /home/suudoo/ros2_ws/install/person_msgs/include/person_msgs/person_msgs/msg/detail
[5.019s] -- Installing: /home/suudoo/ros2_ws/install/person_msgs/include/person_msgs/person_msgs/msg/detail/person__rosidl_typesupport_introspection_c.h
[5.019s] -- Installing: /home/suudoo/ros2_ws/install/person_msgs/include/person_msgs/person_msgs/msg/detail/person__type_support.c
[5.019s] -- Installing: /home/suudoo/ros2_ws/install/person_msgs/lib/libperson_msgs__rosidl_typesupport_introspection_c.so
[5.020s] -- Set runtime path of "/home/suudoo/ros2_ws/install/person_msgs/lib/libperson_msgs__rosidl_typesupport_introspection_c.so" to ""
[5.020s] -- Installing: /home/suudoo/ros2_ws/install/person_msgs/lib/libperson_msgs__rosidl_typesupport_c.so
[5.020s] -- Set runtime path of "/home/suudoo/ros2_ws/install/person_msgs/lib/libperson_msgs__rosidl_typesupport_c.so" to ""
[5.020s] -- Up-to-date: /home/suudoo/ros2_ws/install/person_msgs/include/person_msgs/person_msgs
[5.020s] -- Up-to-date: /home/suudoo/ros2_ws/install/person_msgs/include/person_msgs/person_msgs/msg
[5.020s] -- Up-to-date: /home/suudoo/ros2_ws/install/person_msgs/include/person_msgs/person_msgs/msg/detail
[5.020s] -- Installing: /home/suudoo/ros2_ws/install/person_msgs/include/person_msgs/person_msgs/msg/detail/person__builder.hpp
[5.020s] -- Installing: /home/suudoo/ros2_ws/install/person_msgs/include/person_msgs/person_msgs/msg/detail/person__struct.hpp
[5.021s] -- Installing: /home/suudoo/ros2_ws/install/person_msgs/include/person_msgs/person_msgs/msg/detail/person__traits.hpp
[5.021s] -- Installing: /home/suudoo/ros2_ws/install/person_msgs/include/person_msgs/person_msgs/msg/person.hpp
[5.021s] -- Up-to-date: /home/suudoo/ros2_ws/install/person_msgs/include/person_msgs/person_msgs
[5.021s] -- Up-to-date: /home/suudoo/ros2_ws/install/person_msgs/include/person_msgs/person_msgs/msg
[5.021s] -- Installing: /home/suudoo/ros2_ws/install/person_msgs/include/person_msgs/person_msgs/msg/rosidl_typesupport_fastrtps_cpp__visibility_control.h
[5.021s] -- Up-to-date: /home/suudoo/ros2_ws/install/person_msgs/include/person_msgs/person_msgs/msg/detail
[5.021s] -- Installing: /home/suudoo/ros2_ws/install/person_msgs/include/person_msgs/person_msgs/msg/detail/person__rosidl_typesupport_fastrtps_cpp.hpp
[5.021s] -- Installing: /home/suudoo/ros2_ws/install/person_msgs/include/person_msgs/person_msgs/msg/detail/dds_fastrtps
[5.021s] -- Installing: /home/suudoo/ros2_ws/install/person_msgs/lib/libperson_msgs__rosidl_typesupport_fastrtps_cpp.so
[5.022s] -- Set runtime path of "/home/suudoo/ros2_ws/install/person_msgs/lib/libperson_msgs__rosidl_typesupport_fastrtps_cpp.so" to ""
[5.022s] -- Up-to-date: /home/suudoo/ros2_ws/install/person_msgs/include/person_msgs/person_msgs
[5.022s] -- Up-to-date: /home/suudoo/ros2_ws/install/person_msgs/include/person_msgs/person_msgs/msg
[5.022s] -- Up-to-date: /home/suudoo/ros2_ws/install/person_msgs/include/person_msgs/person_msgs/msg/detail
[5.022s] -- Installing: /home/suudoo/ros2_ws/install/person_msgs/include/person_msgs/person_msgs/msg/detail/person__rosidl_typesupport_introspection_cpp.hpp
[5.022s] -- Installing: /home/suudoo/ros2_ws/install/person_msgs/include/person_msgs/person_msgs/msg/detail/person__type_support.cpp
[5.022s] -- Installing: /home/suudoo/ros2_ws/install/person_msgs/lib/libperson_msgs__rosidl_typesupport_introspection_cpp.so
[5.022s] -- Set runtime path of "/home/suudoo/ros2_ws/install/person_msgs/lib/libperson_msgs__rosidl_typesupport_introspection_cpp.so" to ""
[5.023s] -- Installing: /home/suudoo/ros2_ws/install/person_msgs/lib/libperson_msgs__rosidl_typesupport_cpp.so
[5.023s] -- Set runtime path of "/home/suudoo/ros2_ws/install/person_msgs/lib/libperson_msgs__rosidl_typesupport_cpp.so" to ""
[5.023s] -- Installing: /home/suudoo/ros2_ws/install/person_msgs/share/person_msgs/environment/pythonpath.sh
[5.023s] -- Installing: /home/suudoo/ros2_ws/install/person_msgs/share/person_msgs/environment/pythonpath.dsv
[5.023s] -- Installing: /home/suudoo/ros2_ws/install/person_msgs/local/lib/python3.10/dist-packages/person_msgs-0.0.0-py3.10.egg-info
[5.023s] -- Installing: /home/suudoo/ros2_ws/install/person_msgs/local/lib/python3.10/dist-packages/person_msgs-0.0.0-py3.10.egg-info/PKG-INFO
[5.023s] -- Installing: /home/suudoo/ros2_ws/install/person_msgs/local/lib/python3.10/dist-packages/person_msgs-0.0.0-py3.10.egg-info/SOURCES.txt
[5.023s] -- Installing: /home/suudoo/ros2_ws/install/person_msgs/local/lib/python3.10/dist-packages/person_msgs-0.0.0-py3.10.egg-info/dependency_links.txt
[5.023s] -- Installing: /home/suudoo/ros2_ws/install/person_msgs/local/lib/python3.10/dist-packages/person_msgs-0.0.0-py3.10.egg-info/top_level.txt
[5.024s] -- Installing: /home/suudoo/ros2_ws/install/person_msgs/local/lib/python3.10/dist-packages/person_msgs
[5.024s] -- Installing: /home/suudoo/ros2_ws/install/person_msgs/local/lib/python3.10/dist-packages/person_msgs/__init__.py
[5.024s] -- Installing: /home/suudoo/ros2_ws/install/person_msgs/local/lib/python3.10/dist-packages/person_msgs/msg
[5.024s] -- Installing: /home/suudoo/ros2_ws/install/person_msgs/local/lib/python3.10/dist-packages/person_msgs/msg/__init__.py
[5.024s] -- Installing: /home/suudoo/ros2_ws/install/person_msgs/local/lib/python3.10/dist-packages/person_msgs/msg/_person_s.c
[5.024s] -- Installing: /home/suudoo/ros2_ws/install/person_msgs/local/lib/python3.10/dist-packages/person_msgs/msg/_person.py
[5.024s] -- Installing: /home/suudoo/ros2_ws/install/person_msgs/local/lib/python3.10/dist-packages/person_msgs/person_msgs_s__rosidl_typesupport_fastrtps_c.cpython-310-x86_64-linux-gnu.so
[5.024s] -- Installing: /home/suudoo/ros2_ws/install/person_msgs/local/lib/python3.10/dist-packages/person_msgs/person_msgs_s__rosidl_typesupport_c.cpython-310-x86_64-linux-gnu.so
[5.024s] -- Installing: /home/suudoo/ros2_ws/install/person_msgs/local/lib/python3.10/dist-packages/person_msgs/_person_msgs_s.ep.rosidl_typesupport_fastrtps_c.c
[5.024s] -- Installing: /home/suudoo/ros2_ws/install/person_msgs/local/lib/python3.10/dist-packages/person_msgs/_person_msgs_s.ep.rosidl_typesupport_introspection_c.c
[5.025s] -- Installing: /home/suudoo/ros2_ws/install/person_msgs/local/lib/python3.10/dist-packages/person_msgs/_person_msgs_s.ep.rosidl_typesupport_c.c
[5.025s] -- Installing: /home/suudoo/ros2_ws/install/person_msgs/local/lib/python3.10/dist-packages/person_msgs/person_msgs_s__rosidl_typesupport_introspection_c.cpython-310-x86_64-linux-gnu.so
[5.025s] -- Installing: /home/suudoo/ros2_ws/install/person_msgs/local/lib/python3.10/dist-packages/person_msgs/libperson_msgs__rosidl_generator_py.so
[5.045s] Listing '/home/suudoo/ros2_ws/install/person_msgs/local/lib/python3.10/dist-packages/person_msgs'...
[5.045s] Compiling '/home/suudoo/ros2_ws/install/person_msgs/local/lib/python3.10/dist-packages/person_msgs/__init__.py'...
[5.045s] Listing '/home/suudoo/ros2_ws/install/person_msgs/local/lib/python3.10/dist-packages/person_msgs/msg'...
[5.046s] Compiling '/home/suudoo/ros2_ws/install/person_msgs/local/lib/python3.10/dist-packages/person_msgs/msg/__init__.py'...
[5.046s] Compiling '/home/suudoo/ros2_ws/install/person_msgs/local/lib/python3.10/dist-packages/person_msgs/msg/_person.py'...
[5.049s] -- Installing: /home/suudoo/ros2_ws/install/person_msgs/local/lib/python3.10/dist-packages/person_msgs/person_msgs_s__rosidl_typesupport_fastrtps_c.cpython-310-x86_64-linux-gnu.so
[5.049s] -- Set runtime path of "/home/suudoo/ros2_ws/install/person_msgs/local/lib/python3.10/dist-packages/person_msgs/person_msgs_s__rosidl_typesupport_fastrtps_c.cpython-310-x86_64-linux-gnu.so" to ""
[5.049s] -- Installing: /home/suudoo/ros2_ws/install/person_msgs/local/lib/python3.10/dist-packages/person_msgs/person_msgs_s__rosidl_typesupport_introspection_c.cpython-310-x86_64-linux-gnu.so
[5.050s] -- Set runtime path of "/home/suudoo/ros2_ws/install/person_msgs/local/lib/python3.10/dist-packages/person_msgs/person_msgs_s__rosidl_typesupport_introspection_c.cpython-310-x86_64-linux-gnu.so" to ""
[5.050s] -- Installing: /home/suudoo/ros2_ws/install/person_msgs/local/lib/python3.10/dist-packages/person_msgs/person_msgs_s__rosidl_typesupport_c.cpython-310-x86_64-linux-gnu.so
[5.050s] -- Set runtime path of "/home/suudoo/ros2_ws/install/person_msgs/local/lib/python3.10/dist-packages/person_msgs/person_msgs_s__rosidl_typesupport_c.cpython-310-x86_64-linux-gnu.so" to ""
[5.050s] -- Installing: /home/suudoo/ros2_ws/install/person_msgs/lib/libperson_msgs__rosidl_generator_py.so
[5.050s] -- Set runtime path of "/home/suudoo/ros2_ws/install/person_msgs/lib/libperson_msgs__rosidl_generator_py.so" to ""
[5.050s] -- Installing: /home/suudoo/ros2_ws/install/person_msgs/share/person_msgs/msg/Person.idl
[5.050s] -- Installing: /home/suudoo/ros2_ws/install/person_msgs/share/person_msgs/msg/Person.msg
[5.051s] -- Installing: /home/suudoo/ros2_ws/install/person_msgs/share/ament_index/resource_index/package_run_dependencies/person_msgs
[5.051s] -- Installing: /home/suudoo/ros2_ws/install/person_msgs/share/ament_index/resource_index/parent_prefix_path/person_msgs
[5.051s] -- Installing: /home/suudoo/ros2_ws/install/person_msgs/share/person_msgs/environment/ament_prefix_path.sh
[5.051s] -- Installing: /home/suudoo/ros2_ws/install/person_msgs/share/person_msgs/environment/ament_prefix_path.dsv
[5.052s] -- Installing: /home/suudoo/ros2_ws/install/person_msgs/share/person_msgs/environment/path.sh
[5.052s] -- Installing: /home/suudoo/ros2_ws/install/person_msgs/share/person_msgs/environment/path.dsv
[5.052s] -- Installing: /home/suudoo/ros2_ws/install/person_msgs/share/person_msgs/local_setup.bash
[5.052s] -- Installing: /home/suudoo/ros2_ws/install/person_msgs/share/person_msgs/local_setup.sh
[5.052s] -- Installing: /home/suudoo/ros2_ws/install/person_msgs/share/person_msgs/local_setup.zsh
[5.052s] -- Installing: /home/suudoo/ros2_ws/install/person_msgs/share/person_msgs/local_setup.dsv
[5.052s] -- Installing: /home/suudoo/ros2_ws/install/person_msgs/share/person_msgs/package.dsv
[5.053s] -- Installing: /home/suudoo/ros2_ws/install/person_msgs/share/ament_index/resource_index/packages/person_msgs
[5.053s] -- Installing: /home/suudoo/ros2_ws/install/person_msgs/share/person_msgs/cmake/export_person_msgs__rosidl_generator_cExport.cmake
[5.053s] -- Installing: /home/suudoo/ros2_ws/install/person_msgs/share/person_msgs/cmake/export_person_msgs__rosidl_generator_cExport-noconfig.cmake
[5.053s] -- Installing: /home/suudoo/ros2_ws/install/person_msgs/share/person_msgs/cmake/export_person_msgs__rosidl_typesupport_fastrtps_cExport.cmake
[5.053s] -- Installing: /home/suudoo/ros2_ws/install/person_msgs/share/person_msgs/cmake/export_person_msgs__rosidl_typesupport_fastrtps_cExport-noconfig.cmake
[5.053s] -- Installing: /home/suudoo/ros2_ws/install/person_msgs/share/person_msgs/cmake/person_msgs__rosidl_typesupport_introspection_cExport.cmake
[5.054s] -- Installing: /home/suudoo/ros2_ws/install/person_msgs/share/person_msgs/cmake/person_msgs__rosidl_typesupport_introspection_cExport-noconfig.cmake
[5.054s] -- Installing: /home/suudoo/ros2_ws/install/person_msgs/share/person_msgs/cmake/person_msgs__rosidl_typesupport_cExport.cmake
[5.054s] -- Installing: /home/suudoo/ros2_ws/install/person_msgs/share/person_msgs/cmake/person_msgs__rosidl_typesupport_cExport-noconfig.cmake
[5.054s] -- Installing: /home/suudoo/ros2_ws/install/person_msgs/share/person_msgs/cmake/export_person_msgs__rosidl_generator_cppExport.cmake
[5.054s] -- Installing: /home/suudoo/ros2_ws/install/person_msgs/share/person_msgs/cmake/export_person_msgs__rosidl_typesupport_fastrtps_cppExport.cmake
[5.054s] -- Installing: /home/suudoo/ros2_ws/install/person_msgs/share/person_msgs/cmake/export_person_msgs__rosidl_typesupport_fastrtps_cppExport-noconfig.cmake
[5.054s] -- Installing: /home/suudoo/ros2_ws/install/person_msgs/share/person_msgs/cmake/person_msgs__rosidl_typesupport_introspection_cppExport.cmake
[5.054s] -- Installing: /home/suudoo/ros2_ws/install/person_msgs/share/person_msgs/cmake/person_msgs__rosidl_typesupport_introspection_cppExport-noconfig.cmake
[5.055s] -- Installing: /home/suudoo/ros2_ws/install/person_msgs/share/person_msgs/cmake/person_msgs__rosidl_typesupport_cppExport.cmake
[5.055s] -- Installing: /home/suudoo/ros2_ws/install/person_msgs/share/person_msgs/cmake/person_msgs__rosidl_typesupport_cppExport-noconfig.cmake
[5.055s] -- Installing: /home/suudoo/ros2_ws/install/person_msgs/share/person_msgs/cmake/export_person_msgs__rosidl_generator_pyExport.cmake
[5.055s] -- Installing: /home/suudoo/ros2_ws/install/person_msgs/share/person_msgs/cmake/export_person_msgs__rosidl_generator_pyExport-noconfig.cmake
[5.055s] -- Installing: /home/suudoo/ros2_ws/install/person_msgs/share/person_msgs/cmake/rosidl_cmake-extras.cmake
[5.055s] -- Installing: /home/suudoo/ros2_ws/install/person_msgs/share/person_msgs/cmake/ament_cmake_export_include_directories-extras.cmake
[5.055s] -- Installing: /home/suudoo/ros2_ws/install/person_msgs/share/person_msgs/cmake/ament_cmake_export_libraries-extras.cmake
[5.055s] -- Installing: /home/suudoo/ros2_ws/install/person_msgs/share/person_msgs/cmake/ament_cmake_export_targets-extras.cmake
[5.056s] -- Installing: /home/suudoo/ros2_ws/install/person_msgs/share/person_msgs/cmake/rosidl_cmake_export_typesupport_targets-extras.cmake
[5.056s] -- Installing: /home/suudoo/ros2_ws/install/person_msgs/share/person_msgs/cmake/ament_cmake_export_dependencies-extras.cmake
[5.056s] -- Installing: /home/suudoo/ros2_ws/install/person_msgs/share/person_msgs/cmake/rosidl_cmake_export_typesupport_libraries-extras.cmake
[5.056s] -- Installing: /home/suudoo/ros2_ws/install/person_msgs/share/person_msgs/cmake/person_msgsConfig.cmake
[5.056s] -- Installing: /home/suudoo/ros2_ws/install/person_msgs/share/person_msgs/cmake/person_msgsConfig-version.cmake
[5.056s] -- Installing: /home/suudoo/ros2_ws/install/person_msgs/share/person_msgs/package.xml
[5.058s] Invoked command in '/home/suudoo/ros2_ws/build/person_msgs' returned '0': CMAKE_PREFIX_PATH=/home/suudoo/ros2_ws/install/mypkg:/opt/ros/humble /usr/bin/cmake --install /home/suudoo/ros2_ws/build/person_msgs
