[0.602s] DEBUG:colcon:Command line arguments: ['/usr/bin/colcon', 'build']
[0.602s] DEBUG:colcon:Parsed command line arguments: Namespace(log_base=None, log_level=None, verb_name='build', build_base='build', install_base='install', merge_install=False, symlink_install=False, test_result_base=None, continue_on_error=False, executor='parallel', parallel_workers=8, event_handlers=None, ignore_user_meta=False, metas=['./colcon.meta'], base_paths=['.'], packages_ignore=None, packages_ignore_regex=None, paths=None, packages_up_to=None, packages_up_to_regex=None, packages_above=None, packages_above_and_dependencies=None, packages_above_depth=None, packages_select_by_dep=None, packages_skip_by_dep=None, packages_skip_up_to=None, packages_select_build_failed=False, packages_skip_build_finished=False, packages_select_test_failures=False, packages_skip_test_passed=False, packages_select=None, packages_skip=None, packages_select_regex=None, packages_skip_regex=None, packages_start=None, packages_end=None, allow_overriding=[], cmake_args=None, cmake_target=None, cmake_target_skip_unavailable=False, cmake_clean_cache=False, cmake_clean_first=False, cmake_force_configure=False, ament_cmake_args=None, catkin_cmake_args=None, catkin_skip_building_tests=False, verb_parser=<colcon_defaults.argument_parser.defaults.DefaultArgumentsDecorator object at 0x7f03a3d55360>, verb_extension=<colcon_core.verb.build.BuildVerb object at 0x7f03a3d2d330>, main=<bound method BuildVerb.main of <colcon_core.verb.build.BuildVerb object at 0x7f03a3d2d330>>)
[0.631s] Level 1:colcon.colcon_core.package_discovery:discover_packages(colcon_meta) check parameters
[0.631s] Level 1:colcon.colcon_core.package_discovery:discover_packages(recursive) check parameters
[0.631s] Level 1:colcon.colcon_core.package_discovery:discover_packages(ignore) check parameters
[0.631s] Level 1:colcon.colcon_core.package_discovery:discover_packages(path) check parameters
[0.631s] Level 1:colcon.colcon_core.package_discovery:discover_packages(colcon_meta) discover
[0.631s] Level 1:colcon.colcon_core.package_discovery:discover_packages(recursive) discover
[0.631s] INFO:colcon.colcon_core.package_discovery:Crawling recursively for packages in '/home/suudoo/ros2_ws'
[0.631s] Level 1:colcon.colcon_core.package_identification:_identify(.) by extensions ['ignore', 'ignore_ament_install']
[0.631s] Level 1:colcon.colcon_core.package_identification:_identify(.) by extension 'ignore'
[0.631s] Level 1:colcon.colcon_core.package_identification:_identify(.) by extension 'ignore_ament_install'
[0.631s] Level 1:colcon.colcon_core.package_identification:_identify(.) by extensions ['colcon_pkg']
[0.631s] Level 1:colcon.colcon_core.package_identification:_identify(.) by extension 'colcon_pkg'
[0.632s] Level 1:colcon.colcon_core.package_identification:_identify(.) by extensions ['colcon_meta']
[0.632s] Level 1:colcon.colcon_core.package_identification:_identify(.) by extension 'colcon_meta'
[0.632s] Level 1:colcon.colcon_core.package_identification:_identify(.) by extensions ['ros']
[0.632s] Level 1:colcon.colcon_core.package_identification:_identify(.) by extension 'ros'
[0.639s] Level 1:colcon.colcon_core.package_identification:_identify(.) by extensions ['cmake', 'python']
[0.639s] Level 1:colcon.colcon_core.package_identification:_identify(.) by extension 'cmake'
[0.639s] Level 1:colcon.colcon_core.package_identification:_identify(.) by extension 'python'
[0.639s] Level 1:colcon.colcon_core.package_identification:_identify(.) by extensions ['python_setup_py']
[0.639s] Level 1:colcon.colcon_core.package_identification:_identify(.) by extension 'python_setup_py'
[0.639s] Level 1:colcon.colcon_core.package_identification:_identify(build) by extensions ['ignore', 'ignore_ament_install']
[0.639s] Level 1:colcon.colcon_core.package_identification:_identify(build) by extension 'ignore'
[0.639s] Level 1:colcon.colcon_core.package_identification:_identify(build) ignored
[0.639s] Level 1:colcon.colcon_core.package_identification:_identify(install) by extensions ['ignore', 'ignore_ament_install']
[0.639s] Level 1:colcon.colcon_core.package_identification:_identify(install) by extension 'ignore'
[0.639s] Level 1:colcon.colcon_core.package_identification:_identify(install) ignored
[0.640s] Level 1:colcon.colcon_core.package_identification:_identify(log) by extensions ['ignore', 'ignore_ament_install']
[0.640s] Level 1:colcon.colcon_core.package_identification:_identify(log) by extension 'ignore'
[0.640s] Level 1:colcon.colcon_core.package_identification:_identify(log) ignored
[0.640s] Level 1:colcon.colcon_core.package_identification:_identify(src) by extensions ['ignore', 'ignore_ament_install']
[0.640s] Level 1:colcon.colcon_core.package_identification:_identify(src) by extension 'ignore'
[0.640s] Level 1:colcon.colcon_core.package_identification:_identify(src) by extension 'ignore_ament_install'
[0.640s] Level 1:colcon.colcon_core.package_identification:_identify(src) by extensions ['colcon_pkg']
[0.640s] Level 1:colcon.colcon_core.package_identification:_identify(src) by extension 'colcon_pkg'
[0.640s] Level 1:colcon.colcon_core.package_identification:_identify(src) by extensions ['colcon_meta']
[0.640s] Level 1:colcon.colcon_core.package_identification:_identify(src) by extension 'colcon_meta'
[0.640s] Level 1:colcon.colcon_core.package_identification:_identify(src) by extensions ['ros']
[0.640s] Level 1:colcon.colcon_core.package_identification:_identify(src) by extension 'ros'
[0.640s] Level 1:colcon.colcon_core.package_identification:_identify(src) by extensions ['cmake', 'python']
[0.640s] Level 1:colcon.colcon_core.package_identification:_identify(src) by extension 'cmake'
[0.640s] Level 1:colcon.colcon_core.package_identification:_identify(src) by extension 'python'
[0.640s] Level 1:colcon.colcon_core.package_identification:_identify(src) by extensions ['python_setup_py']
[0.640s] Level 1:colcon.colcon_core.package_identification:_identify(src) by extension 'python_setup_py'
[0.640s] Level 1:colcon.colcon_core.package_identification:_identify(src/mypkg) by extensions ['ignore', 'ignore_ament_install']
[0.640s] Level 1:colcon.colcon_core.package_identification:_identify(src/mypkg) by extension 'ignore'
[0.640s] Level 1:colcon.colcon_core.package_identification:_identify(src/mypkg) by extension 'ignore_ament_install'
[0.640s] Level 1:colcon.colcon_core.package_identification:_identify(src/mypkg) by extensions ['colcon_pkg']
[0.640s] Level 1:colcon.colcon_core.package_identification:_identify(src/mypkg) by extension 'colcon_pkg'
[0.640s] Level 1:colcon.colcon_core.package_identification:_identify(src/mypkg) by extensions ['colcon_meta']
[0.640s] Level 1:colcon.colcon_core.package_identification:_identify(src/mypkg) by extension 'colcon_meta'
[0.640s] Level 1:colcon.colcon_core.package_identification:_identify(src/mypkg) by extensions ['ros']
[0.640s] Level 1:colcon.colcon_core.package_identification:_identify(src/mypkg) by extension 'ros'
[0.642s] DEBUG:colcon.colcon_core.package_identification:Package 'src/mypkg' with type 'ros.ament_python' and name 'mypkg'
[0.642s] Level 1:colcon.colcon_core.package_identification:_identify(src/person_msgs) by extensions ['ignore', 'ignore_ament_install']
[0.642s] Level 1:colcon.colcon_core.package_identification:_identify(src/person_msgs) by extension 'ignore'
[0.642s] Level 1:colcon.colcon_core.package_identification:_identify(src/person_msgs) by extension 'ignore_ament_install'
[0.642s] Level 1:colcon.colcon_core.package_identification:_identify(src/person_msgs) by extensions ['colcon_pkg']
[0.642s] Level 1:colcon.colcon_core.package_identification:_identify(src/person_msgs) by extension 'colcon_pkg'
[0.642s] Level 1:colcon.colcon_core.package_identification:_identify(src/person_msgs) by extensions ['colcon_meta']
[0.642s] Level 1:colcon.colcon_core.package_identification:_identify(src/person_msgs) by extension 'colcon_meta'
[0.642s] Level 1:colcon.colcon_core.package_identification:_identify(src/person_msgs) by extensions ['ros']
[0.642s] Level 1:colcon.colcon_core.package_identification:_identify(src/person_msgs) by extension 'ros'
[0.642s] DEBUG:colcon.colcon_core.package_identification:Package 'src/person_msgs' with type 'ros.ament_cmake' and name 'person_msgs'
[0.642s] Level 1:colcon.colcon_core.package_discovery:discover_packages(recursive) using defaults
[0.642s] Level 1:colcon.colcon_core.package_discovery:discover_packages(ignore) discover
[0.642s] Level 1:colcon.colcon_core.package_discovery:discover_packages(ignore) using defaults
[0.642s] Level 1:colcon.colcon_core.package_discovery:discover_packages(path) discover
[0.642s] Level 1:colcon.colcon_core.package_discovery:discover_packages(path) using defaults
[0.688s] Level 1:colcon.colcon_core.package_discovery:discover_packages(prefix_path) check parameters
[0.688s] Level 1:colcon.colcon_core.package_discovery:discover_packages(prefix_path) discover
[0.701s] DEBUG:colcon.colcon_installed_package_information.package_discovery:Found 1 installed packages in /home/suudoo/ros2_ws/install
[0.708s] DEBUG:colcon.colcon_installed_package_information.package_discovery:Found 270 installed packages in /opt/ros/humble
[0.709s] Level 1:colcon.colcon_core.package_discovery:discover_packages(prefix_path) using defaults
[0.758s] Level 5:colcon.colcon_core.verb:set package 'mypkg' build argument 'cmake_args' from command line to 'None'
[0.758s] Level 5:colcon.colcon_core.verb:set package 'mypkg' build argument 'cmake_target' from command line to 'None'
[0.758s] Level 5:colcon.colcon_core.verb:set package 'mypkg' build argument 'cmake_target_skip_unavailable' from command line to 'False'
[0.758s] Level 5:colcon.colcon_core.verb:set package 'mypkg' build argument 'cmake_clean_cache' from command line to 'False'
[0.758s] Level 5:colcon.colcon_core.verb:set package 'mypkg' build argument 'cmake_clean_first' from command line to 'False'
[0.758s] Level 5:colcon.colcon_core.verb:set package 'mypkg' build argument 'cmake_force_configure' from command line to 'False'
[0.758s] Level 5:colcon.colcon_core.verb:set package 'mypkg' build argument 'ament_cmake_args' from command line to 'None'
[0.758s] Level 5:colcon.colcon_core.verb:set package 'mypkg' build argument 'catkin_cmake_args' from command line to 'None'
[0.758s] Level 5:colcon.colcon_core.verb:set package 'mypkg' build argument 'catkin_skip_building_tests' from command line to 'False'
[0.758s] DEBUG:colcon.colcon_core.verb:Building package 'mypkg' with the following arguments: {'ament_cmake_args': None, 'build_base': '/home/suudoo/ros2_ws/build/mypkg', 'catkin_cmake_args': None, 'catkin_skip_building_tests': False, 'cmake_args': None, 'cmake_clean_cache': False, 'cmake_clean_first': False, 'cmake_force_configure': False, 'cmake_target': None, 'cmake_target_skip_unavailable': False, 'install_base': '/home/suudoo/ros2_ws/install/mypkg', 'merge_install': False, 'path': '/home/suudoo/ros2_ws/src/mypkg', 'symlink_install': False, 'test_result_base': None}
[0.764s] Level 5:colcon.colcon_core.verb:set package 'person_msgs' build argument 'cmake_args' from command line to 'None'
[0.764s] Level 5:colcon.colcon_core.verb:set package 'person_msgs' build argument 'cmake_target' from command line to 'None'
[0.764s] Level 5:colcon.colcon_core.verb:set package 'person_msgs' build argument 'cmake_target_skip_unavailable' from command line to 'False'
[0.764s] Level 5:colcon.colcon_core.verb:set package 'person_msgs' build argument 'cmake_clean_cache' from command line to 'False'
[0.764s] Level 5:colcon.colcon_core.verb:set package 'person_msgs' build argument 'cmake_clean_first' from command line to 'False'
[0.764s] Level 5:colcon.colcon_core.verb:set package 'person_msgs' build argument 'cmake_force_configure' from command line to 'False'
[0.764s] Level 5:colcon.colcon_core.verb:set package 'person_msgs' build argument 'ament_cmake_args' from command line to 'None'
[0.764s] Level 5:colcon.colcon_core.verb:set package 'person_msgs' build argument 'catkin_cmake_args' from command line to 'None'
[0.764s] Level 5:colcon.colcon_core.verb:set package 'person_msgs' build argument 'catkin_skip_building_tests' from command line to 'False'
[0.764s] DEBUG:colcon.colcon_core.verb:Building package 'person_msgs' with the following arguments: {'ament_cmake_args': None, 'build_base': '/home/suudoo/ros2_ws/build/person_msgs', 'catkin_cmake_args': None, 'catkin_skip_building_tests': False, 'cmake_args': None, 'cmake_clean_cache': False, 'cmake_clean_first': False, 'cmake_force_configure': False, 'cmake_target': None, 'cmake_target_skip_unavailable': False, 'install_base': '/home/suudoo/ros2_ws/install/person_msgs', 'merge_install': False, 'path': '/home/suudoo/ros2_ws/src/person_msgs', 'symlink_install': False, 'test_result_base': None}
[0.771s] INFO:colcon.colcon_core.executor:Executing jobs using 'parallel' executor
[0.778s] DEBUG:colcon.colcon_parallel_executor.executor.parallel:run_until_complete
[0.778s] INFO:colcon.colcon_ros.task.ament_python.build:Building ROS package in '/home/suudoo/ros2_ws/src/mypkg' with build type 'ament_python'
[0.778s] Level 1:colcon.colcon_core.shell:create_environment_hook('mypkg', 'ament_prefix_path')
[0.788s] INFO:colcon.colcon_core.plugin_system:Skipping extension 'colcon_core.shell.bat': Not used on non-Windows systems
[0.788s] INFO:colcon.colcon_core.shell:Creating environment hook '/home/suudoo/ros2_ws/install/mypkg/share/mypkg/hook/ament_prefix_path.ps1'
[0.788s] INFO:colcon.colcon_core.shell:Creating environment descriptor '/home/suudoo/ros2_ws/install/mypkg/share/mypkg/hook/ament_prefix_path.dsv'
[0.789s] INFO:colcon.colcon_core.shell:Creating environment hook '/home/suudoo/ros2_ws/install/mypkg/share/mypkg/hook/ament_prefix_path.sh'
[0.795s] INFO:colcon.colcon_core.shell:Skip shell extension 'powershell' for command environment: Not usable outside of PowerShell
[0.795s] DEBUG:colcon.colcon_core.shell:Skip shell extension 'dsv' for command environment
[0.819s] INFO:colcon.colcon_ros.task.ament_cmake.build:Building ROS package in '/home/suudoo/ros2_ws/src/person_msgs' with build type 'ament_cmake'
[0.820s] INFO:colcon.colcon_cmake.task.cmake.build:Building CMake package in '/home/suudoo/ros2_ws/src/person_msgs'
[0.828s] INFO:colcon.colcon_core.shell:Skip shell extension 'powershell' for command environment: Not usable outside of PowerShell
[0.828s] DEBUG:colcon.colcon_core.shell:Skip shell extension 'dsv' for command environment
[1.005s] INFO:colcon.colcon_core.task.python.build:Building Python package in '/home/suudoo/ros2_ws/src/mypkg'
[1.014s] INFO:colcon.colcon_core.shell:Skip shell extension 'powershell' for command environment: Not usable outside of PowerShell
[1.014s] DEBUG:colcon.colcon_core.shell:Skip shell extension 'dsv' for command environment
[1.038s] DEBUG:colcon.colcon_core.event_handler.log_command:Invoking command in '/home/suudoo/ros2_ws/build/person_msgs': CMAKE_PREFIX_PATH=/home/suudoo/ros2_ws/install/mypkg:/opt/ros/humble /usr/bin/cmake /home/suudoo/ros2_ws/src/person_msgs -DCMAKE_INSTALL_PREFIX=/home/suudoo/ros2_ws/install/person_msgs
[1.278s] DEBUG:colcon.colcon_core.event_handler.log_command:Invoking command in '/home/suudoo/ros2_ws/src/mypkg': PYTHONPATH=/home/suudoo/ros2_ws/build/mypkg/prefix_override:/home/suudoo/ros2_ws/install/mypkg/lib/python3.10/site-packages:${PYTHONPATH} /usr/bin/python3 setup.py egg_info --egg-base ../../build/mypkg build --build-base /home/suudoo/ros2_ws/build/mypkg/build install --record /home/suudoo/ros2_ws/build/mypkg/install.log --single-version-externally-managed
[1.476s] DEBUG:colcon.colcon_core.event_handler.log_command:Invoked command in '/home/suudoo/ros2_ws/src/mypkg' returned '0': PYTHONPATH=/home/suudoo/ros2_ws/build/mypkg/prefix_override:/home/suudoo/ros2_ws/install/mypkg/lib/python3.10/site-packages:${PYTHONPATH} /usr/bin/python3 setup.py egg_info --egg-base ../../build/mypkg build --build-base /home/suudoo/ros2_ws/build/mypkg/build install --record /home/suudoo/ros2_ws/build/mypkg/install.log --single-version-externally-managed
[1.488s] Level 1:colcon.colcon_core.environment:checking '/home/suudoo/ros2_ws/install/mypkg' for CMake module files
[1.488s] Level 1:colcon.colcon_core.environment:checking '/home/suudoo/ros2_ws/install/mypkg' for CMake config files
[1.489s] Level 1:colcon.colcon_core.environment:checking '/home/suudoo/ros2_ws/install/mypkg/lib'
[1.489s] Level 1:colcon.colcon_core.environment:checking '/home/suudoo/ros2_ws/install/mypkg/bin'
[1.489s] Level 1:colcon.colcon_core.environment:checking '/home/suudoo/ros2_ws/install/mypkg/lib/pkgconfig/mypkg.pc'
[1.489s] Level 1:colcon.colcon_core.environment:checking '/home/suudoo/ros2_ws/install/mypkg/lib/python3.10/site-packages'
[1.489s] Level 1:colcon.colcon_core.shell:create_environment_hook('mypkg', 'pythonpath')
[1.499s] INFO:colcon.colcon_core.shell:Creating environment hook '/home/suudoo/ros2_ws/install/mypkg/share/mypkg/hook/pythonpath.ps1'
[1.499s] INFO:colcon.colcon_core.shell:Creating environment descriptor '/home/suudoo/ros2_ws/install/mypkg/share/mypkg/hook/pythonpath.dsv'
[1.500s] INFO:colcon.colcon_core.shell:Creating environment hook '/home/suudoo/ros2_ws/install/mypkg/share/mypkg/hook/pythonpath.sh'
[1.501s] Level 1:colcon.colcon_core.environment:checking '/home/suudoo/ros2_ws/install/mypkg/bin'
[1.501s] Level 1:colcon.colcon_core.environment:create_environment_scripts_only(mypkg)
[1.510s] INFO:colcon.colcon_core.shell:Creating package script '/home/suudoo/ros2_ws/install/mypkg/share/mypkg/package.ps1'
[1.511s] INFO:colcon.colcon_core.shell:Creating package descriptor '/home/suudoo/ros2_ws/install/mypkg/share/mypkg/package.dsv'
[1.511s] INFO:colcon.colcon_core.shell:Creating package script '/home/suudoo/ros2_ws/install/mypkg/share/mypkg/package.sh'
[1.512s] INFO:colcon.colcon_core.shell:Creating package script '/home/suudoo/ros2_ws/install/mypkg/share/mypkg/package.bash'
[1.512s] INFO:colcon.colcon_core.shell:Creating package script '/home/suudoo/ros2_ws/install/mypkg/share/mypkg/package.zsh'
[1.513s] Level 1:colcon.colcon_core.environment:create_file_with_runtime_dependencies(/home/suudoo/ros2_ws/install/mypkg/share/colcon-core/packages/mypkg)
[4.076s] DEBUG:colcon.colcon_core.event_handler.log_command:Invoked command in '/home/suudoo/ros2_ws/build/person_msgs' returned '0': CMAKE_PREFIX_PATH=/home/suudoo/ros2_ws/install/mypkg:/opt/ros/humble /usr/bin/cmake /home/suudoo/ros2_ws/src/person_msgs -DCMAKE_INSTALL_PREFIX=/home/suudoo/ros2_ws/install/person_msgs
[4.079s] DEBUG:colcon.colcon_core.event_handler.log_command:Invoking command in '/home/suudoo/ros2_ws/build/person_msgs': CMAKE_PREFIX_PATH=/home/suudoo/ros2_ws/install/mypkg:/opt/ros/humble /usr/bin/cmake --build /home/suudoo/ros2_ws/build/person_msgs -- -j8 -l8
[5.793s] DEBUG:colcon.colcon_core.event_handler.log_command:Invoked command in '/home/suudoo/ros2_ws/build/person_msgs' returned '0': CMAKE_PREFIX_PATH=/home/suudoo/ros2_ws/install/mypkg:/opt/ros/humble /usr/bin/cmake --build /home/suudoo/ros2_ws/build/person_msgs -- -j8 -l8
[5.829s] DEBUG:colcon.colcon_core.event_handler.log_command:Invoking command in '/home/suudoo/ros2_ws/build/person_msgs': CMAKE_PREFIX_PATH=/home/suudoo/ros2_ws/install/mypkg:/opt/ros/humble /usr/bin/cmake --install /home/suudoo/ros2_ws/build/person_msgs
[5.878s] Level 1:colcon.colcon_core.environment:create_environment_scripts_only(person_msgs)
[5.878s] DEBUG:colcon.colcon_core.event_handler.log_command:Invoked command in '/home/suudoo/ros2_ws/build/person_msgs' returned '0': CMAKE_PREFIX_PATH=/home/suudoo/ros2_ws/install/mypkg:/opt/ros/humble /usr/bin/cmake --install /home/suudoo/ros2_ws/build/person_msgs
[5.885s] Level 1:colcon.colcon_core.environment:checking '/home/suudoo/ros2_ws/install/person_msgs' for CMake module files
[5.886s] Level 1:colcon.colcon_core.environment:checking '/home/suudoo/ros2_ws/install/person_msgs' for CMake config files
[5.886s] Level 1:colcon.colcon_core.shell:create_environment_hook('person_msgs', 'cmake_prefix_path')
[5.893s] INFO:colcon.colcon_core.shell:Creating environment hook '/home/suudoo/ros2_ws/install/person_msgs/share/person_msgs/hook/cmake_prefix_path.ps1'
[5.893s] INFO:colcon.colcon_core.shell:Creating environment descriptor '/home/suudoo/ros2_ws/install/person_msgs/share/person_msgs/hook/cmake_prefix_path.dsv'
[5.894s] INFO:colcon.colcon_core.shell:Creating environment hook '/home/suudoo/ros2_ws/install/person_msgs/share/person_msgs/hook/cmake_prefix_path.sh'
[5.894s] Level 1:colcon.colcon_core.environment:checking '/home/suudoo/ros2_ws/install/person_msgs/lib'
[5.894s] Level 1:colcon.colcon_core.shell:create_environment_hook('person_msgs', 'ld_library_path_lib')
[5.902s] INFO:colcon.colcon_core.shell:Creating environment hook '/home/suudoo/ros2_ws/install/person_msgs/share/person_msgs/hook/ld_library_path_lib.ps1'
[5.902s] INFO:colcon.colcon_core.shell:Creating environment descriptor '/home/suudoo/ros2_ws/install/person_msgs/share/person_msgs/hook/ld_library_path_lib.dsv'
[5.902s] INFO:colcon.colcon_core.shell:Creating environment hook '/home/suudoo/ros2_ws/install/person_msgs/share/person_msgs/hook/ld_library_path_lib.sh'
[5.902s] Level 1:colcon.colcon_core.environment:checking '/home/suudoo/ros2_ws/install/person_msgs/bin'
[5.902s] Level 1:colcon.colcon_core.environment:checking '/home/suudoo/ros2_ws/install/person_msgs/lib/pkgconfig/person_msgs.pc'
[5.903s] Level 1:colcon.colcon_core.environment:checking '/home/suudoo/ros2_ws/install/person_msgs/lib/python3.10/site-packages'
[5.903s] Level 1:colcon.colcon_core.environment:checking '/home/suudoo/ros2_ws/install/person_msgs/bin'
[5.909s] INFO:colcon.colcon_core.shell:Creating package script '/home/suudoo/ros2_ws/install/person_msgs/share/person_msgs/package.ps1'
[5.909s] INFO:colcon.colcon_core.shell:Creating package descriptor '/home/suudoo/ros2_ws/install/person_msgs/share/person_msgs/package.dsv'
[5.910s] INFO:colcon.colcon_core.shell:Creating package script '/home/suudoo/ros2_ws/install/person_msgs/share/person_msgs/package.sh'
[5.910s] INFO:colcon.colcon_core.shell:Creating package script '/home/suudoo/ros2_ws/install/person_msgs/share/person_msgs/package.bash'
[5.910s] INFO:colcon.colcon_core.shell:Creating package script '/home/suudoo/ros2_ws/install/person_msgs/share/person_msgs/package.zsh'
[5.911s] Level 1:colcon.colcon_core.environment:create_file_with_runtime_dependencies(/home/suudoo/ros2_ws/install/person_msgs/share/colcon-core/packages/person_msgs)
[5.951s] Level 1:colcon.colcon_core.environment:create_environment_scripts_only(person_msgs)
[5.958s] Level 1:colcon.colcon_core.environment:checking '/home/suudoo/ros2_ws/install/person_msgs' for CMake module files
[5.958s] Level 1:colcon.colcon_core.environment:checking '/home/suudoo/ros2_ws/install/person_msgs' for CMake config files
[5.958s] Level 1:colcon.colcon_core.shell:create_environment_hook('person_msgs', 'cmake_prefix_path')
[5.965s] INFO:colcon.colcon_core.shell:Creating environment hook '/home/suudoo/ros2_ws/install/person_msgs/share/person_msgs/hook/cmake_prefix_path.ps1'
[5.965s] INFO:colcon.colcon_core.shell:Creating environment descriptor '/home/suudoo/ros2_ws/install/person_msgs/share/person_msgs/hook/cmake_prefix_path.dsv'
[5.966s] INFO:colcon.colcon_core.shell:Creating environment hook '/home/suudoo/ros2_ws/install/person_msgs/share/person_msgs/hook/cmake_prefix_path.sh'
[5.966s] Level 1:colcon.colcon_core.environment:checking '/home/suudoo/ros2_ws/install/person_msgs/lib'
[5.966s] Level 1:colcon.colcon_core.shell:create_environment_hook('person_msgs', 'ld_library_path_lib')
[5.972s] INFO:colcon.colcon_core.shell:Creating environment hook '/home/suudoo/ros2_ws/install/person_msgs/share/person_msgs/hook/ld_library_path_lib.ps1'
[5.973s] INFO:colcon.colcon_core.shell:Creating environment descriptor '/home/suudoo/ros2_ws/install/person_msgs/share/person_msgs/hook/ld_library_path_lib.dsv'
[5.973s] INFO:colcon.colcon_core.shell:Creating environment hook '/home/suudoo/ros2_ws/install/person_msgs/share/person_msgs/hook/ld_library_path_lib.sh'
[5.973s] Level 1:colcon.colcon_core.environment:checking '/home/suudoo/ros2_ws/install/person_msgs/bin'
[5.973s] Level 1:colcon.colcon_core.environment:checking '/home/suudoo/ros2_ws/install/person_msgs/lib/pkgconfig/person_msgs.pc'
[5.973s] Level 1:colcon.colcon_core.environment:checking '/home/suudoo/ros2_ws/install/person_msgs/lib/python3.10/site-packages'
[5.973s] Level 1:colcon.colcon_core.environment:checking '/home/suudoo/ros2_ws/install/person_msgs/bin'
[5.980s] INFO:colcon.colcon_core.shell:Creating package script '/home/suudoo/ros2_ws/install/person_msgs/share/person_msgs/package.ps1'
[5.981s] INFO:colcon.colcon_core.shell:Creating package descriptor '/home/suudoo/ros2_ws/install/person_msgs/share/person_msgs/package.dsv'
[5.981s] INFO:colcon.colcon_core.shell:Creating package script '/home/suudoo/ros2_ws/install/person_msgs/share/person_msgs/package.sh'
[5.981s] INFO:colcon.colcon_core.shell:Creating package script '/home/suudoo/ros2_ws/install/person_msgs/share/person_msgs/package.bash'
[5.981s] INFO:colcon.colcon_core.shell:Creating package script '/home/suudoo/ros2_ws/install/person_msgs/share/person_msgs/package.zsh'
[5.981s] Level 1:colcon.colcon_core.environment:create_file_with_runtime_dependencies(/home/suudoo/ros2_ws/install/person_msgs/share/colcon-core/packages/person_msgs)
[5.982s] DEBUG:colcon.colcon_parallel_executor.executor.parallel:closing loop
[5.982s] DEBUG:colcon.colcon_parallel_executor.executor.parallel:loop closed
[5.982s] DEBUG:colcon.colcon_parallel_executor.executor.parallel:run_until_complete finished with '0'
[5.982s] DEBUG:colcon.colcon_core.event_reactor:joining thread
[6.040s] INFO:colcon.colcon_core.plugin_system:Skipping extension 'colcon_notification.desktop_notification.notify_send': Could not find 'notify-send'
[6.040s] INFO:colcon.colcon_core.plugin_system:Skipping extension 'colcon_notification.desktop_notification.terminal_notifier': Not used on non-Darwin systems
[6.040s] INFO:colcon.colcon_core.plugin_system:Skipping extension 'colcon_notification.desktop_notification.win32': Not used on non-Windows systems
[6.041s] INFO:colcon.colcon_notification.desktop_notification:Sending desktop notification using 'notify2'
[6.041s] DEBUG:colcon.colcon_notification.desktop_notification.notify2:Failed to initialize notify2: org.freedesktop.DBus.Error.FileNotFound: Failed to connect to socket /run/user/1000/bus: No such file or directory
[6.041s] DEBUG:colcon.colcon_core.event_reactor:joined thread
[6.057s] INFO:colcon.colcon_core.shell:Creating prefix script '/home/suudoo/ros2_ws/install/local_setup.ps1'
[6.057s] INFO:colcon.colcon_core.shell:Creating prefix util module '/home/suudoo/ros2_ws/install/_local_setup_util_ps1.py'
[6.058s] INFO:colcon.colcon_core.shell:Creating prefix chain script '/home/suudoo/ros2_ws/install/setup.ps1'
[6.066s] INFO:colcon.colcon_core.shell:Creating prefix script '/home/suudoo/ros2_ws/install/local_setup.sh'
[6.066s] INFO:colcon.colcon_core.shell:Creating prefix util module '/home/suudoo/ros2_ws/install/_local_setup_util_sh.py'
[6.066s] INFO:colcon.colcon_core.shell:Creating prefix chain script '/home/suudoo/ros2_ws/install/setup.sh'
[6.074s] INFO:colcon.colcon_core.shell:Creating prefix script '/home/suudoo/ros2_ws/install/local_setup.bash'
[6.074s] INFO:colcon.colcon_core.shell:Creating prefix chain script '/home/suudoo/ros2_ws/install/setup.bash'
[6.081s] INFO:colcon.colcon_core.shell:Creating prefix script '/home/suudoo/ros2_ws/install/local_setup.zsh'
[6.082s] INFO:colcon.colcon_core.shell:Creating prefix chain script '/home/suudoo/ros2_ws/install/setup.zsh'
