[0.420s] Invoking command in '/home/suudoo/ros2_ws/src/mypkg': PYTHONPATH=/home/suudoo/ros2_ws/build/mypkg/prefix_override:/home/suudoo/ros2_ws/install/mypkg/lib/python3.10/site-packages:${PYTHONPATH} /usr/bin/python3 setup.py egg_info --egg-base ../../build/mypkg build --build-base /home/suudoo/ros2_ws/build/mypkg/build install --record /home/suudoo/ros2_ws/build/mypkg/install.log --single-version-externally-managed
[0.559s] running egg_info
[0.560s] creating ../../build/mypkg/mypkg.egg-info
[0.560s] writing ../../build/mypkg/mypkg.egg-info/PKG-INFO
[0.560s] writing dependency_links to ../../build/mypkg/mypkg.egg-info/dependency_links.txt
[0.560s] writing entry points to ../../build/mypkg/mypkg.egg-info/entry_points.txt
[0.561s] writing requirements to ../../build/mypkg/mypkg.egg-info/requires.txt
[0.561s] writing top-level names to ../../build/mypkg/mypkg.egg-info/top_level.txt
[0.561s] writing manifest file '../../build/mypkg/mypkg.egg-info/SOURCES.txt'
[0.562s] reading manifest file '../../build/mypkg/mypkg.egg-info/SOURCES.txt'
[0.562s] writing manifest file '../../build/mypkg/mypkg.egg-info/SOURCES.txt'
[0.562s] running build
[0.563s] running build_py
[0.563s] creating /home/suudoo/ros2_ws/build/mypkg/build
[0.563s] creating /home/suudoo/ros2_ws/build/mypkg/build/lib
[0.563s] creating /home/suudoo/ros2_ws/build/mypkg/build/lib/mypkg
[0.563s] copying mypkg/__init__.py -> /home/suudoo/ros2_ws/build/mypkg/build/lib/mypkg
[0.563s] running install
[0.564s] running install_lib
[0.564s] /usr/lib/python3/dist-packages/setuptools/command/install.py:34: SetuptoolsDeprecationWarning: setup.py install is deprecated. Use build and pip and other standards-based tools.
[0.564s]   warnings.warn(
[0.564s] creating /home/suudoo/ros2_ws/install/mypkg/lib/python3.10/site-packages/mypkg
[0.564s] copying /home/suudoo/ros2_ws/build/mypkg/build/lib/mypkg/__init__.py -> /home/suudoo/ros2_ws/install/mypkg/lib/python3.10/site-packages/mypkg
[0.564s] byte-compiling /home/suudoo/ros2_ws/install/mypkg/lib/python3.10/site-packages/mypkg/__init__.py to __init__.cpython-310.pyc
[0.565s] running install_data
[0.565s] creating /home/suudoo/ros2_ws/install/mypkg/share/ament_index
[0.566s] creating /home/suudoo/ros2_ws/install/mypkg/share/ament_index/resource_index
[0.566s] creating /home/suudoo/ros2_ws/install/mypkg/share/ament_index/resource_index/packages
[0.566s] copying resource/mypkg -> /home/suudoo/ros2_ws/install/mypkg/share/ament_index/resource_index/packages
[0.566s] copying package.xml -> /home/suudoo/ros2_ws/install/mypkg/share/mypkg
[0.566s] running install_egg_info
[0.567s] Copying ../../build/mypkg/mypkg.egg-info to /home/suudoo/ros2_ws/install/mypkg/lib/python3.10/site-packages/mypkg-0.0.0-py3.10.egg-info
[0.568s] running install_scripts
[0.581s] writing list of installed files to '/home/suudoo/ros2_ws/build/mypkg/install.log'
[0.599s] Invoked command in '/home/suudoo/ros2_ws/src/mypkg' returned '0': PYTHONPATH=/home/suudoo/ros2_ws/build/mypkg/prefix_override:/home/suudoo/ros2_ws/install/mypkg/lib/python3.10/site-packages:${PYTHONPATH} /usr/bin/python3 setup.py egg_info --egg-base ../../build/mypkg build --build-base /home/suudoo/ros2_ws/build/mypkg/build install --record /home/suudoo/ros2_ws/build/mypkg/install.log --single-version-externally-managed
