[0.583s] Invoking command in '/home/suudoo/ros2_ws/src/mypkg': PYTHONPATH=/home/suudoo/ros2_ws/build/mypkg/prefix_override:/home/suudoo/ros2_ws/install/mypkg/lib/python3.10/site-packages:${PYTHONPATH} /usr/bin/python3 setup.py egg_info --egg-base ../../build/mypkg build --build-base /home/suudoo/ros2_ws/build/mypkg/build install --record /home/suudoo/ros2_ws/build/mypkg/install.log --single-version-externally-managed
[0.754s] running egg_info
[0.754s] writing ../../build/mypkg/mypkg.egg-info/PKG-INFO
[0.755s] writing dependency_links to ../../build/mypkg/mypkg.egg-info/dependency_links.txt
[0.755s] writing entry points to ../../build/mypkg/mypkg.egg-info/entry_points.txt
[0.755s] writing requirements to ../../build/mypkg/mypkg.egg-info/requires.txt
[0.756s] writing top-level names to ../../build/mypkg/mypkg.egg-info/top_level.txt
[0.757s] reading manifest file '../../build/mypkg/mypkg.egg-info/SOURCES.txt'
[0.758s] writing manifest file '../../build/mypkg/mypkg.egg-info/SOURCES.txt'
[0.758s] running build
[0.758s] running build_py
[0.759s] copying mypkg/talker.py -> /home/suudoo/ros2_ws/build/mypkg/build/lib/mypkg
[0.759s] running install
[0.759s] /usr/lib/python3/dist-packages/setuptools/command/install.py:34: SetuptoolsDeprecationWarning: setup.py install is deprecated. Use build and pip and other standards-based tools.
[0.759s]   warnings.warn(
[0.759s] running install_lib
[0.760s] copying /home/suudoo/ros2_ws/build/mypkg/build/lib/mypkg/talker.py -> /home/suudoo/ros2_ws/install/mypkg/lib/python3.10/site-packages/mypkg
[0.760s] byte-compiling /home/suudoo/ros2_ws/install/mypkg/lib/python3.10/site-packages/mypkg/talker.py to talker.cpython-310.pyc
[0.761s] running install_data
[0.761s] running install_egg_info
[0.762s] removing '/home/suudoo/ros2_ws/install/mypkg/lib/python3.10/site-packages/mypkg-0.0.0-py3.10.egg-info' (and everything under it)
[0.763s] Copying ../../build/mypkg/mypkg.egg-info to /home/suudoo/ros2_ws/install/mypkg/lib/python3.10/site-packages/mypkg-0.0.0-py3.10.egg-info
[0.763s] running install_scripts
[0.778s] Installing listener script to /home/suudoo/ros2_ws/install/mypkg/lib/mypkg
[0.778s] Installing talker script to /home/suudoo/ros2_ws/install/mypkg/lib/mypkg
[0.779s] writing list of installed files to '/home/suudoo/ros2_ws/build/mypkg/install.log'
[0.818s] Invoked command in '/home/suudoo/ros2_ws/src/mypkg' returned '0': PYTHONPATH=/home/suudoo/ros2_ws/build/mypkg/prefix_override:/home/suudoo/ros2_ws/install/mypkg/lib/python3.10/site-packages:${PYTHONPATH} /usr/bin/python3 setup.py egg_info --egg-base ../../build/mypkg build --build-base /home/suudoo/ros2_ws/build/mypkg/build install --record /home/suudoo/ros2_ws/build/mypkg/install.log --single-version-externally-managed
