[0.215s] Invoking command in '/home/suudoo/ros2_ws/build/person_msgs': CMAKE_PREFIX_PATH=${CMAKE_PREFIX_PATH}:/home/suudoo/ros2_ws/install/mypkg:/opt/ros/humble /usr/bin/cmake --build /home/suudoo/ros2_ws/build/person_msgs -- -j8 -l8
[0.250s] [35m[1mConsolidate compiler generated dependencies of target person_msgs__rosidl_generator_c[0m
[0.260s] [  3%] Built target person_msgs__cpp
[0.260s] [ 12%] Built target person_msgs__rosidl_generator_c
[0.267s] [ 12%] Built target ament_cmake_python_copy_person_msgs
[0.268s] [35m[1mConsolidate compiler generated dependencies of target person_msgs__rosidl_typesupport_introspection_c[0m
[0.268s] [35m[1mConsolidate compiler generated dependencies of target person_msgs__rosidl_typesupport_fastrtps_cpp[0m
[0.268s] [35m[1mConsolidate compiler generated dependencies of target person_msgs__rosidl_typesupport_introspection_cpp[0m
[0.268s] [35m[1mConsolidate compiler generated dependencies of target person_msgs__rosidl_typesupport_cpp[0m
[0.269s] [35m[1mConsolidate compiler generated dependencies of target person_msgs__rosidl_typesupport_fastrtps_c[0m
[0.277s] [35m[1mConsolidate compiler generated dependencies of target person_msgs__rosidl_typesupport_c[0m
[0.278s] [ 22%] Built target person_msgs__rosidl_typesupport_introspection_c
[0.280s] [ 45%] Built target person_msgs__rosidl_typesupport_introspection_cpp
[0.280s] [ 45%] Built target person_msgs__rosidl_typesupport_cpp
[0.281s] [ 54%] Built target person_msgs__rosidl_typesupport_fastrtps_cpp
[0.281s] [ 61%] Built target person_msgs__rosidl_typesupport_fastrtps_c
[0.287s] [ 70%] Built target person_msgs__rosidl_typesupport_c
[0.303s] [ 70%] Built target person_msgs
[0.320s] [ 74%] Built target person_msgs__py
[0.328s] [35m[1mConsolidate compiler generated dependencies of target person_msgs__rosidl_generator_py[0m
[0.337s] [ 80%] Built target person_msgs__rosidl_generator_py
[0.345s] [35m[1mConsolidate compiler generated dependencies of target person_msgs__rosidl_typesupport_introspection_c__pyext[0m
[0.345s] [35m[1mConsolidate compiler generated dependencies of target person_msgs__rosidl_typesupport_fastrtps_c__pyext[0m
[0.345s] [35m[1mConsolidate compiler generated dependencies of target person_msgs__rosidl_typesupport_c__pyext[0m
[0.354s] [ 87%] Built target person_msgs__rosidl_typesupport_fastrtps_c__pyext
[0.355s] [100%] Built target person_msgs__rosidl_typesupport_c__pyext
[0.355s] [100%] Built target person_msgs__rosidl_typesupport_introspection_c__pyext
[0.435s] running egg_info
[0.436s] writing person_msgs.egg-info/PKG-INFO
[0.436s] writing dependency_links to person_msgs.egg-info/dependency_links.txt
[0.436s] writing top-level names to person_msgs.egg-info/top_level.txt
[0.438s] reading manifest file 'person_msgs.egg-info/SOURCES.txt'
[0.438s] writing manifest file 'person_msgs.egg-info/SOURCES.txt'
[0.456s] [100%] Built target ament_cmake_python_build_person_msgs_egg
[0.465s] Invoked command in '/home/suudoo/ros2_ws/build/person_msgs' returned '0': CMAKE_PREFIX_PATH=${CMAKE_PREFIX_PATH}:/home/suudoo/ros2_ws/install/mypkg:/opt/ros/humble /usr/bin/cmake --build /home/suudoo/ros2_ws/build/person_msgs -- -j8 -l8
[0.512s] Invoking command in '/home/suudoo/ros2_ws/build/person_msgs': CMAKE_PREFIX_PATH=${CMAKE_PREFIX_PATH}:/home/suudoo/ros2_ws/install/mypkg:/opt/ros/humble /usr/bin/cmake --install /home/suudoo/ros2_ws/build/person_msgs
[0.518s] -- Install configuration: ""
[0.519s] -- Up-to-date: /home/suudoo/ros2_ws/install/person_msgs/share/ament_index/resource_index/rosidl_interfaces/person_msgs
[0.519s] -- Up-to-date: /home/suudoo/ros2_ws/install/person_msgs/include/person_msgs/person_msgs
[0.519s] -- Up-to-date: /home/suudoo/ros2_ws/install/person_msgs/include/person_msgs/person_msgs/msg
[0.519s] -- Up-to-date: /home/suudoo/ros2_ws/install/person_msgs/include/person_msgs/person_msgs/msg/rosidl_generator_c__visibility_control.h
[0.519s] -- Up-to-date: /home/suudoo/ros2_ws/install/person_msgs/include/person_msgs/person_msgs/msg/person.h
[0.519s] -- Up-to-date: /home/suudoo/ros2_ws/install/person_msgs/include/person_msgs/person_msgs/msg/detail
[0.520s] -- Up-to-date: /home/suudoo/ros2_ws/install/person_msgs/include/person_msgs/person_msgs/msg/detail/person__functions.h
[0.520s] -- Up-to-date: /home/suudoo/ros2_ws/install/person_msgs/include/person_msgs/person_msgs/msg/detail/person__functions.c
[0.520s] -- Up-to-date: /home/suudoo/ros2_ws/install/person_msgs/include/person_msgs/person_msgs/msg/detail/person__type_support.h
[0.520s] -- Up-to-date: /home/suudoo/ros2_ws/install/person_msgs/include/person_msgs/person_msgs/msg/detail/person__struct.h
[0.520s] -- Up-to-date: /home/suudoo/ros2_ws/install/person_msgs/share/person_msgs/environment/library_path.sh
[0.520s] -- Up-to-date: /home/suudoo/ros2_ws/install/person_msgs/share/person_msgs/environment/library_path.dsv
[0.520s] -- Up-to-date: /home/suudoo/ros2_ws/install/person_msgs/lib/libperson_msgs__rosidl_generator_c.so
[0.521s] -- Up-to-date: /home/suudoo/ros2_ws/install/person_msgs/include/person_msgs/person_msgs
[0.521s] -- Up-to-date: /home/suudoo/ros2_ws/install/person_msgs/include/person_msgs/person_msgs/msg
[0.521s] -- Up-to-date: /home/suudoo/ros2_ws/install/person_msgs/include/person_msgs/person_msgs/msg/rosidl_typesupport_fastrtps_c__visibility_control.h
[0.521s] -- Up-to-date: /home/suudoo/ros2_ws/install/person_msgs/include/person_msgs/person_msgs/msg/detail
[0.521s] -- Up-to-date: /home/suudoo/ros2_ws/install/person_msgs/include/person_msgs/person_msgs/msg/detail/person__rosidl_typesupport_fastrtps_c.h
[0.521s] -- Up-to-date: /home/suudoo/ros2_ws/install/person_msgs/lib/libperson_msgs__rosidl_typesupport_fastrtps_c.so
[0.521s] -- Up-to-date: /home/suudoo/ros2_ws/install/person_msgs/include/person_msgs/person_msgs
[0.521s] -- Up-to-date: /home/suudoo/ros2_ws/install/person_msgs/include/person_msgs/person_msgs/msg
[0.522s] -- Up-to-date: /home/suudoo/ros2_ws/install/person_msgs/include/person_msgs/person_msgs/msg/rosidl_typesupport_introspection_c__visibility_control.h
[0.522s] -- Up-to-date: /home/suudoo/ros2_ws/install/person_msgs/include/person_msgs/person_msgs/msg/detail
[0.522s] -- Up-to-date: /home/suudoo/ros2_ws/install/person_msgs/include/person_msgs/person_msgs/msg/detail/person__rosidl_typesupport_introspection_c.h
[0.522s] -- Up-to-date: /home/suudoo/ros2_ws/install/person_msgs/include/person_msgs/person_msgs/msg/detail/person__type_support.c
[0.522s] -- Up-to-date: /home/suudoo/ros2_ws/install/person_msgs/lib/libperson_msgs__rosidl_typesupport_introspection_c.so
[0.522s] -- Up-to-date: /home/suudoo/ros2_ws/install/person_msgs/lib/libperson_msgs__rosidl_typesupport_c.so
[0.522s] -- Up-to-date: /home/suudoo/ros2_ws/install/person_msgs/include/person_msgs/person_msgs
[0.522s] -- Up-to-date: /home/suudoo/ros2_ws/install/person_msgs/include/person_msgs/person_msgs/msg
[0.522s] -- Up-to-date: /home/suudoo/ros2_ws/install/person_msgs/include/person_msgs/person_msgs/msg/detail
[0.522s] -- Up-to-date: /home/suudoo/ros2_ws/install/person_msgs/include/person_msgs/person_msgs/msg/detail/person__builder.hpp
[0.522s] -- Up-to-date: /home/suudoo/ros2_ws/install/person_msgs/include/person_msgs/person_msgs/msg/detail/person__struct.hpp
[0.522s] -- Up-to-date: /home/suudoo/ros2_ws/install/person_msgs/include/person_msgs/person_msgs/msg/detail/person__traits.hpp
[0.522s] -- Up-to-date: /home/suudoo/ros2_ws/install/person_msgs/include/person_msgs/person_msgs/msg/person.hpp
[0.522s] -- Up-to-date: /home/suudoo/ros2_ws/install/person_msgs/include/person_msgs/person_msgs
[0.522s] -- Up-to-date: /home/suudoo/ros2_ws/install/person_msgs/include/person_msgs/person_msgs/msg
[0.523s] -- Up-to-date: /home/suudoo/ros2_ws/install/person_msgs/include/person_msgs/person_msgs/msg/rosidl_typesupport_fastrtps_cpp__visibility_control.h
[0.523s] -- Up-to-date: /home/suudoo/ros2_ws/install/person_msgs/include/person_msgs/person_msgs/msg/detail
[0.523s] -- Up-to-date: /home/suudoo/ros2_ws/install/person_msgs/include/person_msgs/person_msgs/msg/detail/person__rosidl_typesupport_fastrtps_cpp.hpp
[0.523s] -- Up-to-date: /home/suudoo/ros2_ws/install/person_msgs/include/person_msgs/person_msgs/msg/detail/dds_fastrtps
[0.523s] -- Up-to-date: /home/suudoo/ros2_ws/install/person_msgs/lib/libperson_msgs__rosidl_typesupport_fastrtps_cpp.so
[0.523s] -- Up-to-date: /home/suudoo/ros2_ws/install/person_msgs/include/person_msgs/person_msgs
[0.523s] -- Up-to-date: /home/suudoo/ros2_ws/install/person_msgs/include/person_msgs/person_msgs/msg
[0.523s] -- Up-to-date: /home/suudoo/ros2_ws/install/person_msgs/include/person_msgs/person_msgs/msg/detail
[0.523s] -- Up-to-date: /home/suudoo/ros2_ws/install/person_msgs/include/person_msgs/person_msgs/msg/detail/person__rosidl_typesupport_introspection_cpp.hpp
[0.523s] -- Up-to-date: /home/suudoo/ros2_ws/install/person_msgs/include/person_msgs/person_msgs/msg/detail/person__type_support.cpp
[0.523s] -- Up-to-date: /home/suudoo/ros2_ws/install/person_msgs/lib/libperson_msgs__rosidl_typesupport_introspection_cpp.so
[0.523s] -- Up-to-date: /home/suudoo/ros2_ws/install/person_msgs/lib/libperson_msgs__rosidl_typesupport_cpp.so
[0.523s] -- Up-to-date: /home/suudoo/ros2_ws/install/person_msgs/share/person_msgs/environment/pythonpath.sh
[0.523s] -- Up-to-date: /home/suudoo/ros2_ws/install/person_msgs/share/person_msgs/environment/pythonpath.dsv
[0.523s] -- Up-to-date: /home/suudoo/ros2_ws/install/person_msgs/local/lib/python3.10/dist-packages/person_msgs-0.0.0-py3.10.egg-info
[0.523s] -- Installing: /home/suudoo/ros2_ws/install/person_msgs/local/lib/python3.10/dist-packages/person_msgs-0.0.0-py3.10.egg-info/PKG-INFO
[0.523s] -- Installing: /home/suudoo/ros2_ws/install/person_msgs/local/lib/python3.10/dist-packages/person_msgs-0.0.0-py3.10.egg-info/SOURCES.txt
[0.523s] -- Installing: /home/suudoo/ros2_ws/install/person_msgs/local/lib/python3.10/dist-packages/person_msgs-0.0.0-py3.10.egg-info/dependency_links.txt
[0.523s] -- Installing: /home/suudoo/ros2_ws/install/person_msgs/local/lib/python3.10/dist-packages/person_msgs-0.0.0-py3.10.egg-info/top_level.txt
[0.523s] -- Up-to-date: /home/suudoo/ros2_ws/install/person_msgs/local/lib/python3.10/dist-packages/person_msgs
[0.523s] -- Up-to-date: /home/suudoo/ros2_ws/install/person_msgs/local/lib/python3.10/dist-packages/person_msgs/__init__.py
[0.523s] -- Up-to-date: /home/suudoo/ros2_ws/install/person_msgs/local/lib/python3.10/dist-packages/person_msgs/msg
[0.523s] -- Up-to-date: /home/suudoo/ros2_ws/install/person_msgs/local/lib/python3.10/dist-packages/person_msgs/msg/__init__.py
[0.523s] -- Up-to-date: /home/suudoo/ros2_ws/install/person_msgs/local/lib/python3.10/dist-packages/person_msgs/msg/_person_s.c
[0.523s] -- Up-to-date: /home/suudoo/ros2_ws/install/person_msgs/local/lib/python3.10/dist-packages/person_msgs/msg/_person.py
[0.523s] -- Up-to-date: /home/suudoo/ros2_ws/install/person_msgs/local/lib/python3.10/dist-packages/person_msgs/person_msgs_s__rosidl_typesupport_fastrtps_c.cpython-310-x86_64-linux-gnu.so
[0.523s] -- Up-to-date: /home/suudoo/ros2_ws/install/person_msgs/local/lib/python3.10/dist-packages/person_msgs/person_msgs_s__rosidl_typesupport_c.cpython-310-x86_64-linux-gnu.so
[0.523s] -- Up-to-date: /home/suudoo/ros2_ws/install/person_msgs/local/lib/python3.10/dist-packages/person_msgs/_person_msgs_s.ep.rosidl_typesupport_fastrtps_c.c
[0.523s] -- Up-to-date: /home/suudoo/ros2_ws/install/person_msgs/local/lib/python3.10/dist-packages/person_msgs/_person_msgs_s.ep.rosidl_typesupport_introspection_c.c
[0.523s] -- Up-to-date: /home/suudoo/ros2_ws/install/person_msgs/local/lib/python3.10/dist-packages/person_msgs/_person_msgs_s.ep.rosidl_typesupport_c.c
[0.524s] -- Up-to-date: /home/suudoo/ros2_ws/install/person_msgs/local/lib/python3.10/dist-packages/person_msgs/person_msgs_s__rosidl_typesupport_introspection_c.cpython-310-x86_64-linux-gnu.so
[0.524s] -- Up-to-date: /home/suudoo/ros2_ws/install/person_msgs/local/lib/python3.10/dist-packages/person_msgs/libperson_msgs__rosidl_generator_py.so
[0.545s] Listing '/home/suudoo/ros2_ws/install/person_msgs/local/lib/python3.10/dist-packages/person_msgs'...
[0.545s] Listing '/home/suudoo/ros2_ws/install/person_msgs/local/lib/python3.10/dist-packages/person_msgs/msg'...
[0.548s] -- Up-to-date: /home/suudoo/ros2_ws/install/person_msgs/local/lib/python3.10/dist-packages/person_msgs/person_msgs_s__rosidl_typesupport_fastrtps_c.cpython-310-x86_64-linux-gnu.so
[0.548s] -- Up-to-date: /home/suudoo/ros2_ws/install/person_msgs/local/lib/python3.10/dist-packages/person_msgs/person_msgs_s__rosidl_typesupport_introspection_c.cpython-310-x86_64-linux-gnu.so
[0.548s] -- Up-to-date: /home/suudoo/ros2_ws/install/person_msgs/local/lib/python3.10/dist-packages/person_msgs/person_msgs_s__rosidl_typesupport_c.cpython-310-x86_64-linux-gnu.so
[0.548s] -- Up-to-date: /home/suudoo/ros2_ws/install/person_msgs/lib/libperson_msgs__rosidl_generator_py.so
[0.549s] -- Up-to-date: /home/suudoo/ros2_ws/install/person_msgs/share/person_msgs/msg/Person.idl
[0.549s] -- Up-to-date: /home/suudoo/ros2_ws/install/person_msgs/share/person_msgs/msg/Person.msg
[0.549s] -- Up-to-date: /home/suudoo/ros2_ws/install/person_msgs/share/ament_index/resource_index/package_run_dependencies/person_msgs
[0.549s] -- Up-to-date: /home/suudoo/ros2_ws/install/person_msgs/share/ament_index/resource_index/parent_prefix_path/person_msgs
[0.549s] -- Up-to-date: /home/suudoo/ros2_ws/install/person_msgs/share/person_msgs/environment/ament_prefix_path.sh
[0.549s] -- Up-to-date: /home/suudoo/ros2_ws/install/person_msgs/share/person_msgs/environment/ament_prefix_path.dsv
[0.549s] -- Up-to-date: /home/suudoo/ros2_ws/install/person_msgs/share/person_msgs/environment/path.sh
[0.550s] -- Up-to-date: /home/suudoo/ros2_ws/install/person_msgs/share/person_msgs/environment/path.dsv
[0.550s] -- Up-to-date: /home/suudoo/ros2_ws/install/person_msgs/share/person_msgs/local_setup.bash
[0.550s] -- Up-to-date: /home/suudoo/ros2_ws/install/person_msgs/share/person_msgs/local_setup.sh
[0.550s] -- Up-to-date: /home/suudoo/ros2_ws/install/person_msgs/share/person_msgs/local_setup.zsh
[0.550s] -- Up-to-date: /home/suudoo/ros2_ws/install/person_msgs/share/person_msgs/local_setup.dsv
[0.550s] -- Installing: /home/suudoo/ros2_ws/install/person_msgs/share/person_msgs/package.dsv
[0.550s] -- Up-to-date: /home/suudoo/ros2_ws/install/person_msgs/share/ament_index/resource_index/packages/person_msgs
[0.551s] -- Up-to-date: /home/suudoo/ros2_ws/install/person_msgs/share/person_msgs/cmake/export_person_msgs__rosidl_generator_cExport.cmake
[0.551s] -- Up-to-date: /home/suudoo/ros2_ws/install/person_msgs/share/person_msgs/cmake/export_person_msgs__rosidl_generator_cExport-noconfig.cmake
[0.551s] -- Up-to-date: /home/suudoo/ros2_ws/install/person_msgs/share/person_msgs/cmake/export_person_msgs__rosidl_typesupport_fastrtps_cExport.cmake
[0.551s] -- Up-to-date: /home/suudoo/ros2_ws/install/person_msgs/share/person_msgs/cmake/export_person_msgs__rosidl_typesupport_fastrtps_cExport-noconfig.cmake
[0.551s] -- Up-to-date: /home/suudoo/ros2_ws/install/person_msgs/share/person_msgs/cmake/person_msgs__rosidl_typesupport_introspection_cExport.cmake
[0.551s] -- Up-to-date: /home/suudoo/ros2_ws/install/person_msgs/share/person_msgs/cmake/person_msgs__rosidl_typesupport_introspection_cExport-noconfig.cmake
[0.551s] -- Up-to-date: /home/suudoo/ros2_ws/install/person_msgs/share/person_msgs/cmake/person_msgs__rosidl_typesupport_cExport.cmake
[0.551s] -- Up-to-date: /home/suudoo/ros2_ws/install/person_msgs/share/person_msgs/cmake/person_msgs__rosidl_typesupport_cExport-noconfig.cmake
[0.551s] -- Up-to-date: /home/suudoo/ros2_ws/install/person_msgs/share/person_msgs/cmake/export_person_msgs__rosidl_generator_cppExport.cmake
[0.551s] -- Up-to-date: /home/suudoo/ros2_ws/install/person_msgs/share/person_msgs/cmake/export_person_msgs__rosidl_typesupport_fastrtps_cppExport.cmake
[0.551s] -- Up-to-date: /home/suudoo/ros2_ws/install/person_msgs/share/person_msgs/cmake/export_person_msgs__rosidl_typesupport_fastrtps_cppExport-noconfig.cmake
[0.551s] -- Up-to-date: /home/suudoo/ros2_ws/install/person_msgs/share/person_msgs/cmake/person_msgs__rosidl_typesupport_introspection_cppExport.cmake
[0.551s] -- Up-to-date: /home/suudoo/ros2_ws/install/person_msgs/share/person_msgs/cmake/person_msgs__rosidl_typesupport_introspection_cppExport-noconfig.cmake
[0.552s] -- Up-to-date: /home/suudoo/ros2_ws/install/person_msgs/share/person_msgs/cmake/person_msgs__rosidl_typesupport_cppExport.cmake
[0.552s] -- Up-to-date: /home/suudoo/ros2_ws/install/person_msgs/share/person_msgs/cmake/person_msgs__rosidl_typesupport_cppExport-noconfig.cmake
[0.552s] -- Up-to-date: /home/suudoo/ros2_ws/install/person_msgs/share/person_msgs/cmake/export_person_msgs__rosidl_generator_pyExport.cmake
[0.552s] -- Up-to-date: /home/suudoo/ros2_ws/install/person_msgs/share/person_msgs/cmake/export_person_msgs__rosidl_generator_pyExport-noconfig.cmake
[0.552s] -- Up-to-date: /home/suudoo/ros2_ws/install/person_msgs/share/person_msgs/cmake/rosidl_cmake-extras.cmake
[0.552s] -- Up-to-date: /home/suudoo/ros2_ws/install/person_msgs/share/person_msgs/cmake/ament_cmake_export_include_directories-extras.cmake
[0.552s] -- Up-to-date: /home/suudoo/ros2_ws/install/person_msgs/share/person_msgs/cmake/ament_cmake_export_libraries-extras.cmake
[0.552s] -- Up-to-date: /home/suudoo/ros2_ws/install/person_msgs/share/person_msgs/cmake/ament_cmake_export_targets-extras.cmake
[0.552s] -- Up-to-date: /home/suudoo/ros2_ws/install/person_msgs/share/person_msgs/cmake/rosidl_cmake_export_typesupport_targets-extras.cmake
[0.552s] -- Up-to-date: /home/suudoo/ros2_ws/install/person_msgs/share/person_msgs/cmake/ament_cmake_export_dependencies-extras.cmake
[0.552s] -- Up-to-date: /home/suudoo/ros2_ws/install/person_msgs/share/person_msgs/cmake/rosidl_cmake_export_typesupport_libraries-extras.cmake
[0.552s] -- Up-to-date: /home/suudoo/ros2_ws/install/person_msgs/share/person_msgs/cmake/person_msgsConfig.cmake
[0.552s] -- Up-to-date: /home/suudoo/ros2_ws/install/person_msgs/share/person_msgs/cmake/person_msgsConfig-version.cmake
[0.552s] -- Up-to-date: /home/suudoo/ros2_ws/install/person_msgs/share/person_msgs/package.xml
[0.554s] Invoked command in '/home/suudoo/ros2_ws/build/person_msgs' returned '0': CMAKE_PREFIX_PATH=${CMAKE_PREFIX_PATH}:/home/suudoo/ros2_ws/install/mypkg:/opt/ros/humble /usr/bin/cmake --install /home/suudoo/ros2_ws/build/person_msgs
